<?xml version="1.0" encoding="UTF-8"?>
<!-- Generated by org.testng.reporters.JUnitReportReporter -->
<testsuite hostname="DESKTOP-GL5L3KM" failures="0" tests="2" name="Academy.HomePage" time="14.795" errors="0" timestamp="30 May 2021 15:16:09 GMT">
  <testcase classname="Academy.HomePage" name="basePageNavigation" time="4.499"/>
  <testcase classname="Academy.HomePage" name="basePageNavigation" time="10.296"/>
</testsuite> <!-- Academy.HomePage -->
