<?xml version="1.0" encoding="UTF-8"?>
<!-- Generated by org.testng.reporters.JUnitReportReporter -->
<testsuite hostname="DESKTOP-GL5L3KM" failures="0" tests="1" name="Academy.validateNavigationBar" time="0.095" errors="0" timestamp="30 May 2021 15:16:09 GMT">
  <testcase classname="Academy.validateNavigationBar" name="validateAppNavBar" time="0.095"/>
</testsuite> <!-- Academy.validateNavigationBar -->
